<?xml version="1.0" encoding="UTF-8"?>
<!-- Generated by org.testng.reporters.JUnitReportReporter -->
<testsuite hostname="Kings" failures="0" tests="1" name="tests.AbrBusinessTest" time="20.560" errors="0" timestamp="2023-09-06T13:12:59 AEST" skipped="0">
  <testcase classname="tests.AbrBusinessTest" name="abnLookUptest" time="20.560"/>
  <system-out/>
</testsuite> <!-- tests.AbrBusinessTest -->
